Performing C SOURCE FILE Test CMAKE_HAVE_LIBC_PTHREAD failed with the following output:
Change Dir: /home/aew/sandee/build/CMakeFiles/CMakeTmp

Run Build Command(s):/usr/bin/make cmTC_0176c/fast && /usr/bin/make -f CMakeFiles/cmTC_0176c.dir/build.make CMakeFiles/cmTC_0176c.dir/build
make[1]: Entering directory '/home/aew/sandee/build/CMakeFiles/CMakeTmp'
Building C object CMakeFiles/cmTC_0176c.dir/src.c.o
/usr/bin/cc   -DCMAKE_HAVE_LIBC_PTHREAD   -o CMakeFiles/cmTC_0176c.dir/src.c.o   -c /home/aew/sandee/build/CMakeFiles/CMakeTmp/src.c
Linking C executable cmTC_0176c
/usr/bin/cmake -E cmake_link_script CMakeFiles/cmTC_0176c.dir/link.txt --verbose=1
/usr/bin/cc  -DCMAKE_HAVE_LIBC_PTHREAD    -rdynamic CMakeFiles/cmTC_0176c.dir/src.c.o  -o cmTC_0176c 
/usr/bin/ld: CMakeFiles/cmTC_0176c.dir/src.c.o: in function `main':
src.c:(.text+0x46): undefined reference to `pthread_create'
/usr/bin/ld: src.c:(.text+0x52): undefined reference to `pthread_detach'
/usr/bin/ld: src.c:(.text+0x63): undefined reference to `pthread_join'
collect2: error: ld returned 1 exit status
make[1]: *** [CMakeFiles/cmTC_0176c.dir/build.make:87: cmTC_0176c] Error 1
make[1]: Leaving directory '/home/aew/sandee/build/CMakeFiles/CMakeTmp'
make: *** [Makefile:121: cmTC_0176c/fast] Error 2


Source file was:
#include <pthread.h>

void* test_func(void* data)
{
  return data;
}

int main(void)
{
  pthread_t thread;
  pthread_create(&thread, NULL, test_func, NULL);
  pthread_detach(thread);
  pthread_join(thread, NULL);
  pthread_atfork(NULL, NULL, NULL);
  pthread_exit(NULL);

  return 0;
}

Determining if the function pthread_create exists in the pthreads failed with the following output:
Change Dir: /home/aew/sandee/build/CMakeFiles/CMakeTmp

Run Build Command(s):/usr/bin/make cmTC_b55a7/fast && /usr/bin/make -f CMakeFiles/cmTC_b55a7.dir/build.make CMakeFiles/cmTC_b55a7.dir/build
make[1]: Entering directory '/home/aew/sandee/build/CMakeFiles/CMakeTmp'
Building C object CMakeFiles/cmTC_b55a7.dir/CheckFunctionExists.c.o
/usr/bin/cc   -DCHECK_FUNCTION_EXISTS=pthread_create   -o CMakeFiles/cmTC_b55a7.dir/CheckFunctionExists.c.o   -c /usr/share/cmake-3.16/Modules/CheckFunctionExists.c
Linking C executable cmTC_b55a7
/usr/bin/cmake -E cmake_link_script CMakeFiles/cmTC_b55a7.dir/link.txt --verbose=1
/usr/bin/cc  -DCHECK_FUNCTION_EXISTS=pthread_create    -rdynamic CMakeFiles/cmTC_b55a7.dir/CheckFunctionExists.c.o  -o cmTC_b55a7  -lpthreads 
/usr/bin/ld: cannot find -lpthreads
collect2: error: ld returned 1 exit status
make[1]: *** [CMakeFiles/cmTC_b55a7.dir/build.make:87: cmTC_b55a7] Error 1
make[1]: Leaving directory '/home/aew/sandee/build/CMakeFiles/CMakeTmp'
make: *** [Makefile:121: cmTC_b55a7/fast] Error 2



Determining if the function sgemm_ exists failed with the following output:
Change Dir: /home/aew/sandee/build/CMakeFiles/CMakeTmp

Run Build Command(s):/usr/bin/make cmTC_aa5ed/fast && /usr/bin/make -f CMakeFiles/cmTC_aa5ed.dir/build.make CMakeFiles/cmTC_aa5ed.dir/build
make[1]: Entering directory '/home/aew/sandee/build/CMakeFiles/CMakeTmp'
Building C object CMakeFiles/cmTC_aa5ed.dir/CheckFunctionExists.c.o
/usr/bin/cc   -DCHECK_FUNCTION_EXISTS=sgemm_   -o CMakeFiles/cmTC_aa5ed.dir/CheckFunctionExists.c.o   -c /usr/share/cmake-3.16/Modules/CheckFunctionExists.c
Linking C executable cmTC_aa5ed
/usr/bin/cmake -E cmake_link_script CMakeFiles/cmTC_aa5ed.dir/link.txt --verbose=1
/usr/bin/cc  -DCHECK_FUNCTION_EXISTS=sgemm_    CMakeFiles/cmTC_aa5ed.dir/CheckFunctionExists.c.o  -o cmTC_aa5ed 
/usr/bin/ld: CMakeFiles/cmTC_aa5ed.dir/CheckFunctionExists.c.o: in function `main':
CheckFunctionExists.c:(.text+0x14): undefined reference to `sgemm_'
collect2: error: ld returned 1 exit status
make[1]: *** [CMakeFiles/cmTC_aa5ed.dir/build.make:87: cmTC_aa5ed] Error 1
make[1]: Leaving directory '/home/aew/sandee/build/CMakeFiles/CMakeTmp'
make: *** [Makefile:121: cmTC_aa5ed/fast] Error 2



Determining if the function cheev_ exists failed with the following output:
Change Dir: /home/aew/sandee/build/CMakeFiles/CMakeTmp

Run Build Command(s):/usr/bin/make cmTC_a3caf/fast && /usr/bin/make -f CMakeFiles/cmTC_a3caf.dir/build.make CMakeFiles/cmTC_a3caf.dir/build
make[1]: Entering directory '/home/aew/sandee/build/CMakeFiles/CMakeTmp'
Building C object CMakeFiles/cmTC_a3caf.dir/CheckFunctionExists.c.o
/usr/bin/cc   -DCHECK_FUNCTION_EXISTS=cheev_   -o CMakeFiles/cmTC_a3caf.dir/CheckFunctionExists.c.o   -c /usr/share/cmake-3.16/Modules/CheckFunctionExists.c
Linking C executable cmTC_a3caf
/usr/bin/cmake -E cmake_link_script CMakeFiles/cmTC_a3caf.dir/link.txt --verbose=1
/usr/bin/cc  -DCHECK_FUNCTION_EXISTS=cheev_    CMakeFiles/cmTC_a3caf.dir/CheckFunctionExists.c.o  -o cmTC_a3caf  /usr/lib/x86_64-linux-gnu/libblas.so 
/usr/bin/ld: CMakeFiles/cmTC_a3caf.dir/CheckFunctionExists.c.o: in function `main':
CheckFunctionExists.c:(.text+0x14): undefined reference to `cheev_'
collect2: error: ld returned 1 exit status
make[1]: *** [CMakeFiles/cmTC_a3caf.dir/build.make:88: cmTC_a3caf] Error 1
make[1]: Leaving directory '/home/aew/sandee/build/CMakeFiles/CMakeTmp'
make: *** [Makefile:121: cmTC_a3caf/fast] Error 2



